[2021-01-13 10:44:46,245] SEVERE {b7a.log.crash} - class java.util.ArrayList cannot be cast to class java.util.Map (java.util.ArrayList and java.util.Map are in module java.base of loader 'bootstrap') 
java.lang.ClassCastException: class java.util.ArrayList cannot be cast to class java.util.Map (java.util.ArrayList and java.util.Map are in module java.base of loader 'bootstrap')
	at io.ballerina.projects.internal.BallerinaTomlProcessor.getPlatforms(BallerinaTomlProcessor.java:127)
	at io.ballerina.projects.internal.BallerinaTomlProcessor.parseAsPackageManifest(BallerinaTomlProcessor.java:112)
	at io.ballerina.projects.internal.ProjectFiles.createPackageManifest(ProjectFiles.java:151)
	at io.ballerina.projects.internal.PackageConfigCreator.createBuildProjectConfig(PackageConfigCreator.java:58)
	at io.ballerina.projects.directory.BuildProject.load(BuildProject.java:72)
	at io.ballerina.cli.cmd.BuildCommand.execute(BuildCommand.java:211)
	at java.base/java.util.Optional.ifPresent(Unknown Source)
	at org.ballerinalang.tool.Main.main(Main.java:57)
 
[2021-01-13 10:46:25,310] SEVERE {b7a.log.crash} - class java.util.ArrayList cannot be cast to class java.util.Map (java.util.ArrayList and java.util.Map are in module java.base of loader 'bootstrap') 
java.lang.ClassCastException: class java.util.ArrayList cannot be cast to class java.util.Map (java.util.ArrayList and java.util.Map are in module java.base of loader 'bootstrap')
	at io.ballerina.projects.internal.BallerinaTomlProcessor.getPlatforms(BallerinaTomlProcessor.java:127)
	at io.ballerina.projects.internal.BallerinaTomlProcessor.parseAsPackageManifest(BallerinaTomlProcessor.java:112)
	at io.ballerina.projects.internal.ProjectFiles.createPackageManifest(ProjectFiles.java:151)
	at io.ballerina.projects.internal.PackageConfigCreator.createBuildProjectConfig(PackageConfigCreator.java:58)
	at io.ballerina.projects.directory.BuildProject.load(BuildProject.java:72)
	at io.ballerina.cli.cmd.BuildCommand.execute(BuildCommand.java:211)
	at java.base/java.util.Optional.ifPresent(Unknown Source)
	at org.ballerinalang.tool.Main.main(Main.java:57)
 
[2021-01-13 11:17:15,140] SEVERE {b7a.log.crash} - class java.util.ArrayList cannot be cast to class java.util.Map (java.util.ArrayList and java.util.Map are in module java.base of loader 'bootstrap') 
java.lang.ClassCastException: class java.util.ArrayList cannot be cast to class java.util.Map (java.util.ArrayList and java.util.Map are in module java.base of loader 'bootstrap')
	at io.ballerina.projects.internal.BallerinaTomlProcessor.getPlatforms(BallerinaTomlProcessor.java:127)
	at io.ballerina.projects.internal.BallerinaTomlProcessor.parseAsPackageManifest(BallerinaTomlProcessor.java:112)
	at io.ballerina.projects.internal.ProjectFiles.createPackageManifest(ProjectFiles.java:151)
	at io.ballerina.projects.internal.PackageConfigCreator.createBuildProjectConfig(PackageConfigCreator.java:58)
	at io.ballerina.projects.directory.BuildProject.load(BuildProject.java:72)
	at io.ballerina.cli.cmd.BuildCommand.execute(BuildCommand.java:211)
	at java.base/java.util.Optional.ifPresent(Unknown Source)
	at org.ballerinalang.tool.Main.main(Main.java:57)
 
[2021-01-13 11:43:04,912] SEVERE {b7a.log.crash} - class java.util.ArrayList cannot be cast to class java.util.Map (java.util.ArrayList and java.util.Map are in module java.base of loader 'bootstrap') 
java.lang.ClassCastException: class java.util.ArrayList cannot be cast to class java.util.Map (java.util.ArrayList and java.util.Map are in module java.base of loader 'bootstrap')
	at io.ballerina.projects.internal.BallerinaTomlProcessor.getPlatforms(BallerinaTomlProcessor.java:127)
	at io.ballerina.projects.internal.BallerinaTomlProcessor.parseAsPackageManifest(BallerinaTomlProcessor.java:112)
	at io.ballerina.projects.internal.ProjectFiles.createPackageManifest(ProjectFiles.java:151)
	at io.ballerina.projects.internal.PackageConfigCreator.createBuildProjectConfig(PackageConfigCreator.java:58)
	at io.ballerina.projects.directory.BuildProject.load(BuildProject.java:72)
	at io.ballerina.cli.cmd.BuildCommand.execute(BuildCommand.java:211)
	at java.base/java.util.Optional.ifPresent(Unknown Source)
	at org.ballerinalang.tool.Main.main(Main.java:57)
 
[2021-01-13 11:48:41,792] SEVERE {b7a.log.crash} - class java.util.ArrayList cannot be cast to class java.util.Map (java.util.ArrayList and java.util.Map are in module java.base of loader 'bootstrap') 
java.lang.ClassCastException: class java.util.ArrayList cannot be cast to class java.util.Map (java.util.ArrayList and java.util.Map are in module java.base of loader 'bootstrap')
	at io.ballerina.projects.internal.BallerinaTomlProcessor.getPlatforms(BallerinaTomlProcessor.java:127)
	at io.ballerina.projects.internal.BallerinaTomlProcessor.parseAsPackageManifest(BallerinaTomlProcessor.java:112)
	at io.ballerina.projects.internal.ProjectFiles.createPackageManifest(ProjectFiles.java:151)
	at io.ballerina.projects.internal.PackageConfigCreator.createBuildProjectConfig(PackageConfigCreator.java:58)
	at io.ballerina.projects.directory.BuildProject.load(BuildProject.java:72)
	at io.ballerina.cli.cmd.BuildCommand.execute(BuildCommand.java:211)
	at java.base/java.util.Optional.ifPresent(Unknown Source)
	at org.ballerinalang.tool.Main.main(Main.java:57)
 
[2021-01-13 11:49:29,543] SEVERE {b7a.log.crash} - class java.util.ArrayList cannot be cast to class java.util.Map (java.util.ArrayList and java.util.Map are in module java.base of loader 'bootstrap') 
java.lang.ClassCastException: class java.util.ArrayList cannot be cast to class java.util.Map (java.util.ArrayList and java.util.Map are in module java.base of loader 'bootstrap')
	at io.ballerina.projects.internal.BallerinaTomlProcessor.getPlatforms(BallerinaTomlProcessor.java:127)
	at io.ballerina.projects.internal.BallerinaTomlProcessor.parseAsPackageManifest(BallerinaTomlProcessor.java:112)
	at io.ballerina.projects.internal.ProjectFiles.createPackageManifest(ProjectFiles.java:151)
	at io.ballerina.projects.internal.PackageConfigCreator.createBuildProjectConfig(PackageConfigCreator.java:58)
	at io.ballerina.projects.directory.BuildProject.load(BuildProject.java:72)
	at io.ballerina.cli.cmd.BuildCommand.execute(BuildCommand.java:211)
	at java.base/java.util.Optional.ifPresent(Unknown Source)
	at org.ballerinalang.tool.Main.main(Main.java:57)
 
[2021-01-13 11:49:49,158] SEVERE {b7a.log.crash} - class java.util.ArrayList cannot be cast to class java.util.Map (java.util.ArrayList and java.util.Map are in module java.base of loader 'bootstrap') 
java.lang.ClassCastException: class java.util.ArrayList cannot be cast to class java.util.Map (java.util.ArrayList and java.util.Map are in module java.base of loader 'bootstrap')
	at io.ballerina.projects.internal.BallerinaTomlProcessor.getPlatforms(BallerinaTomlProcessor.java:127)
	at io.ballerina.projects.internal.BallerinaTomlProcessor.parseAsPackageManifest(BallerinaTomlProcessor.java:112)
	at io.ballerina.projects.internal.ProjectFiles.createPackageManifest(ProjectFiles.java:151)
	at io.ballerina.projects.internal.PackageConfigCreator.createBuildProjectConfig(PackageConfigCreator.java:58)
	at io.ballerina.projects.directory.BuildProject.load(BuildProject.java:72)
	at io.ballerina.cli.cmd.BuildCommand.execute(BuildCommand.java:211)
	at java.base/java.util.Optional.ifPresent(Unknown Source)
	at org.ballerinalang.tool.Main.main(Main.java:57)
 
[2021-01-13 11:49:55,134] SEVERE {b7a.log.crash} - class java.util.ArrayList cannot be cast to class java.util.Map (java.util.ArrayList and java.util.Map are in module java.base of loader 'bootstrap') 
java.lang.ClassCastException: class java.util.ArrayList cannot be cast to class java.util.Map (java.util.ArrayList and java.util.Map are in module java.base of loader 'bootstrap')
	at io.ballerina.projects.internal.BallerinaTomlProcessor.getPlatforms(BallerinaTomlProcessor.java:127)
	at io.ballerina.projects.internal.BallerinaTomlProcessor.parseAsPackageManifest(BallerinaTomlProcessor.java:112)
	at io.ballerina.projects.internal.ProjectFiles.createPackageManifest(ProjectFiles.java:151)
	at io.ballerina.projects.internal.PackageConfigCreator.createBuildProjectConfig(PackageConfigCreator.java:58)
	at io.ballerina.projects.directory.BuildProject.load(BuildProject.java:72)
	at io.ballerina.cli.cmd.BuildCommand.execute(BuildCommand.java:211)
	at java.base/java.util.Optional.ifPresent(Unknown Source)
	at org.ballerinalang.tool.Main.main(Main.java:57)
 
[2021-01-13 11:50:41,349] SEVERE {b7a.log.crash} - class java.util.ArrayList cannot be cast to class java.util.Map (java.util.ArrayList and java.util.Map are in module java.base of loader 'bootstrap') 
java.lang.ClassCastException: class java.util.ArrayList cannot be cast to class java.util.Map (java.util.ArrayList and java.util.Map are in module java.base of loader 'bootstrap')
	at io.ballerina.projects.internal.BallerinaTomlProcessor.getPlatforms(BallerinaTomlProcessor.java:127)
	at io.ballerina.projects.internal.BallerinaTomlProcessor.parseAsPackageManifest(BallerinaTomlProcessor.java:112)
	at io.ballerina.projects.internal.ProjectFiles.createPackageManifest(ProjectFiles.java:151)
	at io.ballerina.projects.internal.PackageConfigCreator.createBuildProjectConfig(PackageConfigCreator.java:58)
	at io.ballerina.projects.directory.BuildProject.load(BuildProject.java:72)
	at io.ballerina.cli.cmd.BuildCommand.execute(BuildCommand.java:211)
	at java.base/java.util.Optional.ifPresent(Unknown Source)
	at org.ballerinalang.tool.Main.main(Main.java:57)
 
[2021-01-13 11:52:16,285] SEVERE {b7a.log.crash} - class java.util.ArrayList cannot be cast to class java.util.Map (java.util.ArrayList and java.util.Map are in module java.base of loader 'bootstrap') 
java.lang.ClassCastException: class java.util.ArrayList cannot be cast to class java.util.Map (java.util.ArrayList and java.util.Map are in module java.base of loader 'bootstrap')
	at io.ballerina.projects.internal.BallerinaTomlProcessor.getPlatforms(BallerinaTomlProcessor.java:127)
	at io.ballerina.projects.internal.BallerinaTomlProcessor.parseAsPackageManifest(BallerinaTomlProcessor.java:112)
	at io.ballerina.projects.internal.ProjectFiles.createPackageManifest(ProjectFiles.java:151)
	at io.ballerina.projects.internal.PackageConfigCreator.createBuildProjectConfig(PackageConfigCreator.java:58)
	at io.ballerina.projects.directory.BuildProject.load(BuildProject.java:72)
	at io.ballerina.cli.cmd.BuildCommand.execute(BuildCommand.java:211)
	at java.base/java.util.Optional.ifPresent(Unknown Source)
	at org.ballerinalang.tool.Main.main(Main.java:57)
 
[2021-01-13 12:09:13,440] SEVERE {b7a.log.crash} - null 
java.lang.NullPointerException
	at org.ballerinalang.net.http.HttpUtil.getErrorMessage(HttpUtil.java:473)
	at org.ballerinalang.net.http.HttpUtil.handleFailure(HttpUtil.java:464)
	at org.ballerinalang.net.http.HttpCallableUnitCallback.notifySuccess(HttpCallableUnitCallback.java:38)
	at io.ballerina.runtime.internal.scheduling.Scheduler.postProcess(Scheduler.java:348)
	at io.ballerina.runtime.internal.scheduling.Scheduler.run(Scheduler.java:299)
	at io.ballerina.runtime.internal.scheduling.Scheduler.runSafely(Scheduler.java:251)
	at java.base/java.lang.Thread.run(Unknown Source)
 
[2021-01-13 13:49:06,461] SEVERE {b7a.log.crash} - null 
java.lang.NullPointerException
	at org.ballerinalang.net.http.HttpUtil.getErrorMessage(HttpUtil.java:473)
	at org.ballerinalang.net.http.HttpUtil.handleFailure(HttpUtil.java:464)
	at org.ballerinalang.net.http.HttpCallableUnitCallback.notifySuccess(HttpCallableUnitCallback.java:38)
	at io.ballerina.runtime.internal.scheduling.Scheduler.postProcess(Scheduler.java:348)
	at io.ballerina.runtime.internal.scheduling.Scheduler.run(Scheduler.java:299)
	at io.ballerina.runtime.internal.scheduling.Scheduler.runSafely(Scheduler.java:251)
	at java.base/java.lang.Thread.run(Unknown Source)
 
[2021-01-13 13:53:38,345] SEVERE {b7a.log.crash} - null 
java.lang.NullPointerException
	at org.ballerinalang.net.http.HttpUtil.getErrorMessage(HttpUtil.java:473)
	at org.ballerinalang.net.http.HttpUtil.handleFailure(HttpUtil.java:464)
	at org.ballerinalang.net.http.HttpCallableUnitCallback.notifySuccess(HttpCallableUnitCallback.java:38)
	at io.ballerina.runtime.internal.scheduling.Scheduler.postProcess(Scheduler.java:348)
	at io.ballerina.runtime.internal.scheduling.Scheduler.run(Scheduler.java:299)
	at io.ballerina.runtime.internal.scheduling.Scheduler.runSafely(Scheduler.java:251)
	at java.base/java.lang.Thread.run(Unknown Source)
 
[2021-01-13 14:43:09,303] SEVERE {b7a.log.crash} - null 
java.lang.NullPointerException
	at org.ballerinalang.net.http.HttpUtil.getErrorMessage(HttpUtil.java:473)
	at org.ballerinalang.net.http.HttpUtil.handleFailure(HttpUtil.java:464)
	at org.ballerinalang.net.http.HttpCallableUnitCallback.notifySuccess(HttpCallableUnitCallback.java:38)
	at io.ballerina.runtime.internal.scheduling.Scheduler.postProcess(Scheduler.java:348)
	at io.ballerina.runtime.internal.scheduling.Scheduler.run(Scheduler.java:299)
	at io.ballerina.runtime.internal.scheduling.Scheduler.runSafely(Scheduler.java:251)
	at java.base/java.lang.Thread.run(Unknown Source)
 
[2021-01-13 15:06:16,425] SEVERE {b7a.log.crash} - null 
java.lang.NullPointerException
	at org.ballerinalang.net.http.HttpUtil.getErrorMessage(HttpUtil.java:473)
	at org.ballerinalang.net.http.HttpUtil.handleFailure(HttpUtil.java:464)
	at org.ballerinalang.net.http.HttpCallableUnitCallback.notifySuccess(HttpCallableUnitCallback.java:38)
	at io.ballerina.runtime.internal.scheduling.Scheduler.postProcess(Scheduler.java:348)
	at io.ballerina.runtime.internal.scheduling.Scheduler.run(Scheduler.java:299)
	at io.ballerina.runtime.internal.scheduling.Scheduler.runSafely(Scheduler.java:251)
	at java.base/java.lang.Thread.run(Unknown Source)
 
[2021-01-13 15:19:42,895] SEVERE {b7a.log.crash} - null 
java.lang.NullPointerException
	at org.ballerinalang.net.http.HttpUtil.getErrorMessage(HttpUtil.java:473)
	at org.ballerinalang.net.http.HttpUtil.handleFailure(HttpUtil.java:464)
	at org.ballerinalang.net.http.HttpCallableUnitCallback.notifySuccess(HttpCallableUnitCallback.java:38)
	at io.ballerina.runtime.internal.scheduling.Scheduler.postProcess(Scheduler.java:348)
	at io.ballerina.runtime.internal.scheduling.Scheduler.run(Scheduler.java:299)
	at io.ballerina.runtime.internal.scheduling.Scheduler.runSafely(Scheduler.java:251)
	at java.base/java.lang.Thread.run(Unknown Source)
 
[2021-01-13 17:43:47,329] SEVERE {b7a.log.crash} - Unsupported symbol type: org.wso2.ballerinalang.compiler.semantics.model.symbols.BSymbol 
java.lang.IllegalArgumentException: Unsupported symbol type: org.wso2.ballerinalang.compiler.semantics.model.symbols.BSymbol
	at io.ballerina.compiler.api.impl.SymbolFactory.getBCompiledSymbol(SymbolFactory.java:153)
	at io.ballerina.compiler.api.impl.BallerinaSemanticModel.symbol(BallerinaSemanticModel.java:138)
	at org.ballerinalang.diagramutil.SyntaxTreeMapGenerator.transformSyntaxNode(SyntaxTreeMapGenerator.java:129)
	at org.ballerinalang.diagramutil.SyntaxTreeMapGenerator.transformSyntaxNode(SyntaxTreeMapGenerator.java:63)
	at io.ballerina.compiler.syntax.tree.NodeTransformer.transform(NodeTransformer.java:336)
	at io.ballerina.compiler.syntax.tree.QualifiedNameReferenceNode.apply(QualifiedNameReferenceNode.java:54)
	at org.ballerinalang.diagramutil.SyntaxTreeMapGenerator.apply(SyntaxTreeMapGenerator.java:350)
	at org.ballerinalang.diagramutil.SyntaxTreeMapGenerator.transformSyntaxNode(SyntaxTreeMapGenerator.java:86)
	at org.ballerinalang.diagramutil.SyntaxTreeMapGenerator.transformSyntaxNode(SyntaxTreeMapGenerator.java:63)
	at io.ballerina.compiler.syntax.tree.NodeTransformer.transform(NodeTransformer.java:220)
	at io.ballerina.compiler.syntax.tree.PositionalArgumentNode.apply(PositionalArgumentNode.java:46)
	at org.ballerinalang.diagramutil.SyntaxTreeMapGenerator.apply(SyntaxTreeMapGenerator.java:350)
	at org.ballerinalang.diagramutil.SyntaxTreeMapGenerator.transformSyntaxNode(SyntaxTreeMapGenerator.java:82)
	at org.ballerinalang.diagramutil.SyntaxTreeMapGenerator.transformSyntaxNode(SyntaxTreeMapGenerator.java:63)
	at io.ballerina.compiler.syntax.tree.NodeTransformer.transform(NodeTransformer.java:160)
	at io.ballerina.compiler.syntax.tree.MethodCallExpressionNode.apply(MethodCallExpressionNode.java:66)
	at org.ballerinalang.diagramutil.SyntaxTreeMapGenerator.apply(SyntaxTreeMapGenerator.java:350)
	at org.ballerinalang.diagramutil.SyntaxTreeMapGenerator.transformSyntaxNode(SyntaxTreeMapGenerator.java:86)
	at org.ballerinalang.diagramutil.SyntaxTreeMapGenerator.transformSyntaxNode(SyntaxTreeMapGenerator.java:63)
	at io.ballerina.compiler.syntax.tree.NodeTransformer.transform(NodeTransformer.java:92)
	at io.ballerina.compiler.syntax.tree.ExpressionStatementNode.apply(ExpressionStatementNode.java:50)
	at org.ballerinalang.diagramutil.SyntaxTreeMapGenerator.apply(SyntaxTreeMapGenerator.java:350)
	at org.ballerinalang.diagramutil.SyntaxTreeMapGenerator.transformSyntaxNode(SyntaxTreeMapGenerator.java:82)
	at org.ballerinalang.diagramutil.SyntaxTreeMapGenerator.transformSyntaxNode(SyntaxTreeMapGenerator.java:63)
	at io.ballerina.compiler.syntax.tree.NodeTransformer.transform(NodeTransformer.java:316)
	at io.ballerina.compiler.syntax.tree.FunctionBodyBlockNode.apply(FunctionBodyBlockNode.java:59)
	at org.ballerinalang.diagramutil.SyntaxTreeMapGenerator.apply(SyntaxTreeMapGenerator.java:350)
	at org.ballerinalang.diagramutil.SyntaxTreeMapGenerator.transformSyntaxNode(SyntaxTreeMapGenerator.java:86)
	at org.ballerinalang.diagramutil.SyntaxTreeMapGenerator.transformSyntaxNode(SyntaxTreeMapGenerator.java:63)
	at io.ballerina.compiler.syntax.tree.NodeTransformer.transform(NodeTransformer.java:48)
	at io.ballerina.compiler.syntax.tree.FunctionDefinitionNode.apply(FunctionDefinitionNode.java:71)
	at org.ballerinalang.diagramutil.SyntaxTreeMapGenerator.apply(SyntaxTreeMapGenerator.java:350)
	at org.ballerinalang.diagramutil.SyntaxTreeMapGenerator.transformSyntaxNode(SyntaxTreeMapGenerator.java:82)
	at org.ballerinalang.diagramutil.SyntaxTreeMapGenerator.transformSyntaxNode(SyntaxTreeMapGenerator.java:63)
	at io.ballerina.compiler.syntax.tree.NodeTransformer.transform(NodeTransformer.java:64)
	at io.ballerina.compiler.syntax.tree.ServiceDeclarationNode.apply(ServiceDeclarationNode.java:83)
	at org.ballerinalang.diagramutil.SyntaxTreeMapGenerator.apply(SyntaxTreeMapGenerator.java:350)
	at org.ballerinalang.diagramutil.SyntaxTreeMapGenerator.transformSyntaxNode(SyntaxTreeMapGenerator.java:82)
	at org.ballerinalang.diagramutil.SyntaxTreeMapGenerator.transformSyntaxNode(SyntaxTreeMapGenerator.java:63)
	at io.ballerina.compiler.syntax.tree.NodeTransformer.transform(NodeTransformer.java:44)
	at org.ballerinalang.diagramutil.DiagramUtil.getSyntaxTreeJSON(DiagramUtil.java:51)
	at org.ballerinalang.observability.anaylze.DefaultObservabilitySymbolCollector.process(DefaultObservabilitySymbolCollector.java:97)
	at io.ballerina.projects.JBallerinaBackend.<init>(JBallerinaBackend.java:119)
	at io.ballerina.projects.JBallerinaBackend.lambda$from$0(JBallerinaBackend.java:97)
	at java.base/java.util.HashMap.computeIfAbsent(Unknown Source)
	at io.ballerina.projects.PackageCompilation.getCompilerBackend(PackageCompilation.java:122)
	at io.ballerina.projects.JBallerinaBackend.from(JBallerinaBackend.java:96)
	at io.ballerina.cli.task.CompileTask.execute(CompileTask.java:69)
	at io.ballerina.cli.TaskExecutor.executeTasks(TaskExecutor.java:40)
	at io.ballerina.cli.cmd.BuildCommand.execute(BuildCommand.java:238)
	at java.base/java.util.Optional.ifPresent(Unknown Source)
	at org.ballerinalang.tool.Main.main(Main.java:57)
 
[2021-01-13 17:45:26,963] SEVERE {b7a.log.crash} - Unsupported symbol type: org.wso2.ballerinalang.compiler.semantics.model.symbols.BSymbol 
java.lang.IllegalArgumentException: Unsupported symbol type: org.wso2.ballerinalang.compiler.semantics.model.symbols.BSymbol
	at io.ballerina.compiler.api.impl.SymbolFactory.getBCompiledSymbol(SymbolFactory.java:153)
	at io.ballerina.compiler.api.impl.BallerinaSemanticModel.symbol(BallerinaSemanticModel.java:138)
	at org.ballerinalang.diagramutil.SyntaxTreeMapGenerator.transformSyntaxNode(SyntaxTreeMapGenerator.java:129)
	at org.ballerinalang.diagramutil.SyntaxTreeMapGenerator.transformSyntaxNode(SyntaxTreeMapGenerator.java:63)
	at io.ballerina.compiler.syntax.tree.NodeTransformer.transform(NodeTransformer.java:336)
	at io.ballerina.compiler.syntax.tree.QualifiedNameReferenceNode.apply(QualifiedNameReferenceNode.java:54)
	at org.ballerinalang.diagramutil.SyntaxTreeMapGenerator.apply(SyntaxTreeMapGenerator.java:350)
	at org.ballerinalang.diagramutil.SyntaxTreeMapGenerator.transformSyntaxNode(SyntaxTreeMapGenerator.java:86)
	at org.ballerinalang.diagramutil.SyntaxTreeMapGenerator.transformSyntaxNode(SyntaxTreeMapGenerator.java:63)
	at io.ballerina.compiler.syntax.tree.NodeTransformer.transform(NodeTransformer.java:220)
	at io.ballerina.compiler.syntax.tree.PositionalArgumentNode.apply(PositionalArgumentNode.java:46)
	at org.ballerinalang.diagramutil.SyntaxTreeMapGenerator.apply(SyntaxTreeMapGenerator.java:350)
	at org.ballerinalang.diagramutil.SyntaxTreeMapGenerator.transformSyntaxNode(SyntaxTreeMapGenerator.java:82)
	at org.ballerinalang.diagramutil.SyntaxTreeMapGenerator.transformSyntaxNode(SyntaxTreeMapGenerator.java:63)
	at io.ballerina.compiler.syntax.tree.NodeTransformer.transform(NodeTransformer.java:160)
	at io.ballerina.compiler.syntax.tree.MethodCallExpressionNode.apply(MethodCallExpressionNode.java:66)
	at org.ballerinalang.diagramutil.SyntaxTreeMapGenerator.apply(SyntaxTreeMapGenerator.java:350)
	at org.ballerinalang.diagramutil.SyntaxTreeMapGenerator.transformSyntaxNode(SyntaxTreeMapGenerator.java:86)
	at org.ballerinalang.diagramutil.SyntaxTreeMapGenerator.transformSyntaxNode(SyntaxTreeMapGenerator.java:63)
	at io.ballerina.compiler.syntax.tree.NodeTransformer.transform(NodeTransformer.java:92)
	at io.ballerina.compiler.syntax.tree.ExpressionStatementNode.apply(ExpressionStatementNode.java:50)
	at org.ballerinalang.diagramutil.SyntaxTreeMapGenerator.apply(SyntaxTreeMapGenerator.java:350)
	at org.ballerinalang.diagramutil.SyntaxTreeMapGenerator.transformSyntaxNode(SyntaxTreeMapGenerator.java:82)
	at org.ballerinalang.diagramutil.SyntaxTreeMapGenerator.transformSyntaxNode(SyntaxTreeMapGenerator.java:63)
	at io.ballerina.compiler.syntax.tree.NodeTransformer.transform(NodeTransformer.java:316)
	at io.ballerina.compiler.syntax.tree.FunctionBodyBlockNode.apply(FunctionBodyBlockNode.java:59)
	at org.ballerinalang.diagramutil.SyntaxTreeMapGenerator.apply(SyntaxTreeMapGenerator.java:350)
	at org.ballerinalang.diagramutil.SyntaxTreeMapGenerator.transformSyntaxNode(SyntaxTreeMapGenerator.java:86)
	at org.ballerinalang.diagramutil.SyntaxTreeMapGenerator.transformSyntaxNode(SyntaxTreeMapGenerator.java:63)
	at io.ballerina.compiler.syntax.tree.NodeTransformer.transform(NodeTransformer.java:48)
	at io.ballerina.compiler.syntax.tree.FunctionDefinitionNode.apply(FunctionDefinitionNode.java:71)
	at org.ballerinalang.diagramutil.SyntaxTreeMapGenerator.apply(SyntaxTreeMapGenerator.java:350)
	at org.ballerinalang.diagramutil.SyntaxTreeMapGenerator.transformSyntaxNode(SyntaxTreeMapGenerator.java:82)
	at org.ballerinalang.diagramutil.SyntaxTreeMapGenerator.transformSyntaxNode(SyntaxTreeMapGenerator.java:63)
	at io.ballerina.compiler.syntax.tree.NodeTransformer.transform(NodeTransformer.java:64)
	at io.ballerina.compiler.syntax.tree.ServiceDeclarationNode.apply(ServiceDeclarationNode.java:83)
	at org.ballerinalang.diagramutil.SyntaxTreeMapGenerator.apply(SyntaxTreeMapGenerator.java:350)
	at org.ballerinalang.diagramutil.SyntaxTreeMapGenerator.transformSyntaxNode(SyntaxTreeMapGenerator.java:82)
	at org.ballerinalang.diagramutil.SyntaxTreeMapGenerator.transformSyntaxNode(SyntaxTreeMapGenerator.java:63)
	at io.ballerina.compiler.syntax.tree.NodeTransformer.transform(NodeTransformer.java:44)
	at org.ballerinalang.diagramutil.DiagramUtil.getSyntaxTreeJSON(DiagramUtil.java:51)
	at org.ballerinalang.observability.anaylze.DefaultObservabilitySymbolCollector.process(DefaultObservabilitySymbolCollector.java:97)
	at io.ballerina.projects.JBallerinaBackend.<init>(JBallerinaBackend.java:119)
	at io.ballerina.projects.JBallerinaBackend.lambda$from$0(JBallerinaBackend.java:97)
	at java.base/java.util.HashMap.computeIfAbsent(Unknown Source)
	at io.ballerina.projects.PackageCompilation.getCompilerBackend(PackageCompilation.java:122)
	at io.ballerina.projects.JBallerinaBackend.from(JBallerinaBackend.java:96)
	at io.ballerina.cli.task.CompileTask.execute(CompileTask.java:69)
	at io.ballerina.cli.TaskExecutor.executeTasks(TaskExecutor.java:40)
	at io.ballerina.cli.cmd.BuildCommand.execute(BuildCommand.java:238)
	at java.base/java.util.Optional.ifPresent(Unknown Source)
	at org.ballerinalang.tool.Main.main(Main.java:57)
 
